<?xml version="1.0" encoding="UTF-8"?>
<testsuite name="TestProject/tests" tests="1" failures="0" skipped="0" hostname="Ravindras-MBP-2" time="64.179" timestamp="Fri Dec 07 15:26:47 IST 2018">
	<properties>
		<property name="excludeCallableTestCases" value="true"/>
		<property name="testEnvironment" value=""/>
		<property name="pluginOutputLevel" value="WARNING"/>
		<property name="projectPath" value=".."/>
		<property name="salesforceMetadataCache" value="Reuse"/>
		<property name="resultsPathDisposition" value="Increment"/>
		<property name="testOutputLevel" value="WARNING"/>
		<property name="webBrowserType" value="Google Chrome"/>
		<property name="resultsPath" value="../ANT/Results"/>
		<property name="webBrowserConfiguration" value="Full Screen"/>
		<property name="projectCachePath" value="/Users/ravindrayadav/Documents/WorkSpaces/ZAPIOnly/TestProject/ANT/../../.provarCaches"/>
	</properties>
	<testcase classname="tests/ZAPI/Clone All Test Cycles.testcase" name="Clone All Test Cycles.testcase" time="64.178">
	</testcase>
</testsuite>
