<?xml version="1.0" encoding="UTF-8"?>
<testsuite name="TestProject/tests" tests="1" failures="1" skipped="0" hostname="Ravindras-MBP-2" time="3.235" timestamp="Thu Nov 22 23:39:27 IST 2018">
	<properties>
		<property name="excludeCallableTestCases" value="true"/>
		<property name="testEnvironment" value=""/>
		<property name="pluginOutputLevel" value="WARNING"/>
		<property name="projectPath" value=".."/>
		<property name="salesforceMetadataCache" value="Reuse"/>
		<property name="resultsPathDisposition" value="Increment"/>
		<property name="testOutputLevel" value="WARNING"/>
		<property name="webBrowserType" value="Google Chrome"/>
		<property name="resultsPath" value="../ANT/Results"/>
		<property name="webBrowserConfiguration" value="Full Screen"/>
		<property name="projectCachePath" value="/Users/ravindrayadav/Documents/WorkSpaces/ZAPIOnly/TestProject/ANT/../../.provarCaches"/>
	</properties>
	<testcase classname="tests/ZAPI/Clone All Test Cycles.testcase" name="Clone All Test Cycles.testcase" time="3.234">
		<failure message="Execution failed"><![CDATA[The REST response could not be read.  Address: https://prod-api.zephyr4jiracloud.com/connect/public/rest/api/1.0/cycle?clonedCycleId=e2323071-5115-48d5-ab3a-bb80514f6852, Reason: Server returned HTTP response code: 400 for URL: https://prod-api.zephyr4jiracloud.com/connect/public/rest/api/1.0/cycle?clonedCycleId=e2323071-5115-48d5-ab3a-bb80514f6852, Error: {"errorType":"ERROR","clientMessage":"versionId field value is null or 18,594 is not valid.","errorCode":131}
]]></failure>
	</testcase>
</testsuite>
